mode: set
github.com/gandarfh/god/comparisons_validations.go:5.58,9.30 1 1
github.com/gandarfh/god/comparisons_validations.go:9.30,12.4 2 1
github.com/gandarfh/god/comparisons_validations.go:17.58,21.30 1 1
github.com/gandarfh/god/comparisons_validations.go:21.30,24.4 2 1
github.com/gandarfh/god/comparisons_validations.go:28.50,32.30 1 1
github.com/gandarfh/god/comparisons_validations.go:32.30,35.4 2 1
github.com/gandarfh/god/comparisons_validations.go:39.51,43.30 1 1
github.com/gandarfh/god/comparisons_validations.go:43.30,46.4 2 1
github.com/gandarfh/god/comparisons_validations.go:50.50,54.30 1 1
github.com/gandarfh/god/comparisons_validations.go:54.30,57.4 2 1
github.com/gandarfh/god/comparisons_validations.go:61.51,65.30 1 1
github.com/gandarfh/god/comparisons_validations.go:65.30,68.4 2 1
github.com/gandarfh/god/errors.go:13.36,17.37 4 0
github.com/gandarfh/god/errors.go:17.37,18.28 1 0
github.com/gandarfh/god/errors.go:19.15,20.64 1 0
github.com/gandarfh/god/errors.go:21.14,22.41 1 0
github.com/gandarfh/god/errors.go:22.41,25.5 1 0
github.com/gandarfh/god/errors.go:25.10,27.5 1 0
github.com/gandarfh/god/errors.go:30.2,32.19 3 0
github.com/gandarfh/god/errors.go:35.55,38.49 2 0
github.com/gandarfh/god/errors.go:38.49,39.26 1 0
github.com/gandarfh/god/errors.go:40.15,41.19 1 0
github.com/gandarfh/god/errors.go:42.14,43.38 1 0
github.com/gandarfh/god/errors.go:43.38,45.5 1 0
github.com/gandarfh/god/errors.go:45.10,47.5 1 0
github.com/gandarfh/god/errors.go:51.2,51.15 1 0
github.com/gandarfh/god/formats_validations.go:5.42,10.2 1 1
github.com/gandarfh/god/formats_validations.go:12.44,17.2 1 0
github.com/gandarfh/god/formats_validations.go:19.62,23.30 1 0
github.com/gandarfh/god/formats_validations.go:23.30,26.4 2 0
github.com/gandarfh/god/number_validations.go:5.50,10.30 2 0
github.com/gandarfh/god/number_validations.go:10.30,13.4 2 0
github.com/gandarfh/god/number_validations.go:17.50,22.30 2 0
github.com/gandarfh/god/number_validations.go:22.30,25.4 2 0
github.com/gandarfh/god/object.go:12.31,13.40 1 1
github.com/gandarfh/god/object.go:13.40,20.19 4 1
github.com/gandarfh/god/object.go:21.20,22.32 1 1
github.com/gandarfh/god/object.go:24.23,25.35 1 1
github.com/gandarfh/god/object.go:27.20,29.43 2 0
github.com/gandarfh/god/object.go:31.11,33.22 2 1
github.com/gandarfh/god/object.go:36.3,36.30 1 1
github.com/gandarfh/god/object.go:36.30,38.4 1 1
github.com/gandarfh/god/object.go:40.3,40.16 1 1
github.com/gandarfh/god/object.go:44.66,47.9 2 1
github.com/gandarfh/god/object.go:47.9,49.3 1 0
github.com/gandarfh/god/object.go:51.2,51.33 1 1
github.com/gandarfh/god/object.go:51.33,53.54 2 1
github.com/gandarfh/god/object.go:53.54,55.4 1 1
github.com/gandarfh/god/object.go:58.2,58.12 1 1
github.com/gandarfh/god/object.go:61.73,67.9 4 1
github.com/gandarfh/god/object.go:67.9,69.37 2 1
github.com/gandarfh/god/object.go:69.37,71.4 1 1
github.com/gandarfh/god/object.go:72.3,72.31 1 1
github.com/gandarfh/god/object.go:76.2,76.37 1 1
github.com/gandarfh/god/object.go:76.37,79.37 2 1
github.com/gandarfh/god/object.go:79.37,83.22 3 1
github.com/gandarfh/god/object.go:83.22,85.10 2 1
github.com/gandarfh/god/object.go:89.3,89.22 1 1
github.com/gandarfh/god/object.go:89.22,91.12 2 0
github.com/gandarfh/god/object.go:94.3,95.28 2 1
github.com/gandarfh/god/object.go:95.28,97.12 2 0
github.com/gandarfh/god/object.go:100.3,101.23 2 1
github.com/gandarfh/god/object.go:101.23,103.4 1 1
github.com/gandarfh/god/object.go:106.2,106.12 1 1
github.com/gandarfh/god/object.go:109.58,112.29 3 0
github.com/gandarfh/god/object.go:112.29,114.3 1 0
github.com/gandarfh/god/object.go:115.2,116.36 2 0
github.com/gandarfh/god/object.go:116.36,119.16 3 0
github.com/gandarfh/god/object.go:119.16,121.4 1 0
github.com/gandarfh/god/object.go:122.3,122.36 1 0
github.com/gandarfh/god/object.go:124.2,124.12 1 0
github.com/gandarfh/god/others_validations.go:8.45,13.36 1 1
github.com/gandarfh/god/others_validations.go:13.36,15.51 2 1
github.com/gandarfh/god/others_validations.go:15.51,18.5 2 0
github.com/gandarfh/god/others_validations.go:20.4,21.29 2 1
github.com/gandarfh/god/slice.go:10.55,11.40 1 1
github.com/gandarfh/god/slice.go:11.40,13.37 2 1
github.com/gandarfh/god/slice.go:13.37,15.4 1 0
github.com/gandarfh/god/slice.go:17.3,19.17 3 1
github.com/gandarfh/god/slice.go:19.17,21.4 1 1
github.com/gandarfh/god/slice.go:23.3,23.35 1 1
github.com/gandarfh/god/slice.go:23.35,25.4 1 0
github.com/gandarfh/god/slice.go:27.3,27.33 1 1
github.com/gandarfh/god/slice.go:27.33,29.4 1 0
github.com/gandarfh/god/slice.go:31.3,33.32 2 1
github.com/gandarfh/god/slice.go:33.32,35.24 2 1
github.com/gandarfh/god/slice.go:35.24,37.5 1 0
github.com/gandarfh/god/slice.go:40.3,40.33 1 1
github.com/gandarfh/god/slice.go:40.33,43.41 2 1
github.com/gandarfh/god/slice.go:43.41,45.5 1 1
github.com/gandarfh/god/slice.go:48.3,48.22 1 1
github.com/gandarfh/god/slice.go:48.22,50.4 1 1
github.com/gandarfh/god/slice.go:52.3,52.16 1 1
github.com/gandarfh/god/slice.go:58.36,60.24 2 0
github.com/gandarfh/god/slice.go:60.24,62.3 1 0
github.com/gandarfh/god/slice.go:63.2,63.33 1 0
github.com/gandarfh/god/slice.go:66.38,68.2 1 0
github.com/gandarfh/god/strings_validations.go:8.44,13.2 1 1
github.com/gandarfh/god/strings_validations.go:15.46,20.2 1 1
github.com/gandarfh/god/strings_validations.go:22.46,27.2 1 1
github.com/gandarfh/god/strings_validations.go:29.59,33.30 1 1
github.com/gandarfh/god/strings_validations.go:33.30,36.4 2 1
github.com/gandarfh/god/strings_validations.go:40.43,45.2 1 1
github.com/gandarfh/god/strings_validations.go:47.60,51.30 1 0
github.com/gandarfh/god/strings_validations.go:51.30,54.4 2 0
github.com/gandarfh/god/types.go:6.41,7.40 1 1
github.com/gandarfh/god/types.go:7.40,8.93 1 1
github.com/gandarfh/god/types.go:8.93,9.35 1 1
github.com/gandarfh/god/types.go:9.35,11.5 1 1
github.com/gandarfh/god/types.go:12.4,12.36 1 0
github.com/gandarfh/god/types.go:12.36,14.5 1 0
github.com/gandarfh/god/types.go:15.4,15.21 1 0
github.com/gandarfh/god/types.go:21.42,22.40 1 0
github.com/gandarfh/god/types.go:22.40,23.92 1 0
github.com/gandarfh/god/types.go:23.92,24.36 1 0
github.com/gandarfh/god/types.go:24.36,26.5 1 0
github.com/gandarfh/god/types.go:27.4,27.37 1 0
github.com/gandarfh/god/types.go:27.37,29.5 1 0
github.com/gandarfh/god/types.go:30.4,30.21 1 0
github.com/gandarfh/god/types.go:36.42,37.40 1 1
github.com/gandarfh/god/types.go:37.40,38.94 1 1
github.com/gandarfh/god/types.go:38.94,39.36 1 1
github.com/gandarfh/god/types.go:39.36,41.5 1 1
github.com/gandarfh/god/types.go:42.4,42.37 1 0
github.com/gandarfh/god/types.go:42.37,44.5 1 0
github.com/gandarfh/god/types.go:45.4,45.21 1 0
github.com/gandarfh/god/types.go:51.38,52.40 1 1
github.com/gandarfh/god/types.go:52.40,53.90 1 1
github.com/gandarfh/god/types.go:53.90,54.32 1 1
github.com/gandarfh/god/types.go:54.32,56.5 1 1
github.com/gandarfh/god/types.go:57.4,57.33 1 0
github.com/gandarfh/god/types.go:57.33,59.5 1 0
github.com/gandarfh/god/types.go:60.4,60.21 1 0
github.com/gandarfh/god/types.go:66.40,67.40 1 1
github.com/gandarfh/god/types.go:67.40,68.92 1 1
github.com/gandarfh/god/types.go:68.92,69.34 1 1
github.com/gandarfh/god/types.go:69.34,71.5 1 1
github.com/gandarfh/god/types.go:72.4,72.35 1 0
github.com/gandarfh/god/types.go:72.35,74.5 1 0
github.com/gandarfh/god/types.go:75.4,75.21 1 0
github.com/gandarfh/god/types.go:81.39,82.40 1 1
github.com/gandarfh/god/types.go:82.40,83.91 1 1
github.com/gandarfh/god/types.go:83.91,84.33 1 1
github.com/gandarfh/god/types.go:84.33,86.5 1 1
github.com/gandarfh/god/types.go:87.4,87.34 1 0
github.com/gandarfh/god/types.go:87.34,89.5 1 0
github.com/gandarfh/god/types.go:90.4,90.21 1 0
github.com/gandarfh/god/utils.go:8.59,9.17 1 1
github.com/gandarfh/god/utils.go:9.17,11.3 1 1
github.com/gandarfh/god/utils.go:12.2,12.19 1 1
github.com/gandarfh/god/utils.go:15.117,20.36 2 1
github.com/gandarfh/god/utils.go:20.36,21.25 1 1
github.com/gandarfh/god/utils.go:21.25,23.5 1 1
github.com/gandarfh/god/utils.go:25.4,26.29 2 1
github.com/gandarfh/god/utils.go:31.117,34.36 2 1
github.com/gandarfh/god/utils.go:34.36,36.3 1 1
github.com/gandarfh/god/utils.go:38.2,39.16 2 1
github.com/gandarfh/god/utils.go:39.16,41.3 1 1
github.com/gandarfh/god/utils.go:45.2,46.24 2 1
github.com/gandarfh/god/utils.go:46.24,48.3 1 0
github.com/gandarfh/god/utils.go:51.2,52.9 2 1
github.com/gandarfh/god/utils.go:52.9,54.3 1 0
github.com/gandarfh/god/utils.go:57.2,57.31 1 1
github.com/gandarfh/god/utils.go:57.31,60.23 2 1
github.com/gandarfh/god/utils.go:60.23,62.4 1 1
github.com/gandarfh/god/utils.go:65.2,65.15 1 1
github.com/gandarfh/god/validations.go:18.50,20.2 1 1
